生成启动时间为 2014/8/15 15:00:47。
     1>项目“F:\DJI\testfile\图像采集测试8.8\vedio\vedio.vcxproj”在节点 2 上(Build 个目标)。
     1>ClCompile:
         D:\Program Files (x86)\Microsoft Visual Studio 12.0\VC\bin\CL.exe /c /ZI /nologo /W3 /WX- /Od /Oy- /D WIN32 /D _DEBUG /D _CONSOLE /Gm /EHsc /RTC1 /MDd /GS /fp:precise /Zc:wchar_t /Zc:forScope /Yu"stdafx.h" /Fp"Debug\vedio.pch" /Fo"Debug\\" /Fd"Debug\vc120.pdb" /Gd /TP /analyze- /errorReport:prompt vedio.cpp
         vedio.cpp
     1>c:\program files\opencv\build\include\opencv2\flann\logger.h(66): warning C4996: 'fopen': This function or variable may be unsafe. Consider using fopen_s instead. To disable deprecation, use _CRT_SECURE_NO_WARNINGS. See online help for details.
                 d:\program files (x86)\microsoft visual studio 12.0\vc\include\stdio.h(211) : 参见“fopen”的声明
     1>f:\dji\testfile\图像采集测试8.8\vedio\myconstant.h(27): warning C4005: “Fx”: 宏重定义
                 f:\dji\testfile\图像采集测试8.8\vedio\myhead.h(19) : 参见“Fx”的前一个定义
     1>f:\dji\testfile\图像采集测试8.8\vedio\myconstant.h(28): warning C4005: “Fy”: 宏重定义
                 f:\dji\testfile\图像采集测试8.8\vedio\myhead.h(20) : 参见“Fy”的前一个定义
     1>f:\dji\testfile\图像采集测试8.8\vedio\myconstant.h(29): warning C4005: “Cx”: 宏重定义
                 f:\dji\testfile\图像采集测试8.8\vedio\myhead.h(21) : 参见“Cx”的前一个定义
     1>f:\dji\testfile\图像采集测试8.8\vedio\myconstant.h(30): warning C4005: “Cy”: 宏重定义
                 f:\dji\testfile\图像采集测试8.8\vedio\myhead.h(22) : 参见“Cy”的前一个定义
     1>f:\dji\testfile\图像采集测试8.8\vedio\myconstant.h(32): warning C4005: “K1”: 宏重定义
                 f:\dji\testfile\图像采集测试8.8\vedio\myhead.h(23) : 参见“K1”的前一个定义
     1>f:\dji\testfile\图像采集测试8.8\vedio\myconstant.h(33): warning C4005: “K2”: 宏重定义
                 f:\dji\testfile\图像采集测试8.8\vedio\myhead.h(24) : 参见“K2”的前一个定义
     1>f:\dji\testfile\图像采集测试8.8\vedio\myconstant.h(34): warning C4005: “P1”: 宏重定义
                 f:\dji\testfile\图像采集测试8.8\vedio\myhead.h(25) : 参见“P1”的前一个定义
     1>f:\dji\testfile\图像采集测试8.8\vedio\myconstant.h(35): warning C4005: “P2”: 宏重定义
                 f:\dji\testfile\图像采集测试8.8\vedio\myhead.h(26) : 参见“P2”的前一个定义
     1>f:\dji\testfile\图像采集测试8.8\vedio\vedio.cpp(86): warning C4244: “=”: 从“int”转换到“float”，可能丢失数据
     1>f:\dji\testfile\图像采集测试8.8\vedio\vedio.cpp(93): warning C4244: “=”: 从“int”转换到“float”，可能丢失数据
     1>f:\dji\testfile\图像采集测试8.8\vedio\vedio.cpp(97): warning C4244: “=”: 从“int”转换到“float”，可能丢失数据
     1>f:\dji\testfile\图像采集测试8.8\vedio\vedio.cpp(98): warning C4244: “=”: 从“int”转换到“float”，可能丢失数据
     1>f:\dji\testfile\图像采集测试8.8\vedio\vedio.cpp(113): warning C4244: “=”: 从“double”转换到“float”，可能丢失数据
     1>f:\dji\testfile\图像采集测试8.8\vedio\vedio.cpp(378): warning C4018: “<=”: 有符号/无符号不匹配
     1>f:\dji\testfile\图像采集测试8.8\vedio\vedio.cpp(563): warning C4018: “<=”: 有符号/无符号不匹配
     1>f:\dji\testfile\图像采集测试8.8\vedio\vedio.cpp(594): warning C4244: “=”: 从“double”转换到“float”，可能丢失数据
     1>f:\dji\testfile\图像采集测试8.8\vedio\vedio.cpp(1328): warning C4244: “+=”: 从“float”转换到“int”，可能丢失数据
     1>f:\dji\testfile\图像采集测试8.8\vedio\vedio.cpp(1330): warning C4244: “+=”: 从“float”转换到“int”，可能丢失数据
     1>f:\dji\testfile\图像采集测试8.8\vedio\vedio.cpp(1332): warning C4244: “+=”: 从“float”转换到“int”，可能丢失数据
     1>f:\dji\testfile\图像采集测试8.8\vedio\vedio.cpp(1334): warning C4244: “+=”: 从“float”转换到“int”，可能丢失数据
     1>f:\dji\testfile\图像采集测试8.8\vedio\vedio.cpp(1635): warning C4244: “=”: 从“double”转换到“float”，可能丢失数据
     1>f:\dji\testfile\图像采集测试8.8\vedio\vedio.cpp(1644): warning C4018: “<”: 有符号/无符号不匹配
     1>f:\dji\testfile\图像采集测试8.8\vedio\vedio.cpp(1653): warning C4018: “<”: 有符号/无符号不匹配
     1>f:\dji\testfile\图像采集测试8.8\vedio\vedio.cpp(1676): warning C4244: “=”: 从“int”转换到“float”，可能丢失数据
     1>f:\dji\testfile\图像采集测试8.8\vedio\vedio.cpp(1693): warning C4244: “=”: 从“float”转换到“short”，可能丢失数据
     1>f:\dji\testfile\图像采集测试8.8\vedio\vedio.cpp(1694): warning C4244: “=”: 从“float”转换到“short”，可能丢失数据
     1>f:\dji\testfile\图像采集测试8.8\vedio\vedio.cpp(1703): warning C4244: “=”: 从“float”转换到“short”，可能丢失数据
     1>f:\dji\testfile\图像采集测试8.8\vedio\vedio.cpp(1704): warning C4244: “=”: 从“float”转换到“short”，可能丢失数据
     1>f:\dji\testfile\图像采集测试8.8\vedio\vedio.cpp(1448): warning C4101: “nMilSecond”: 未引用的局部变量
     1>f:\dji\testfile\图像采集测试8.8\vedio\vedio.cpp(1439): warning C4101: “tCur”: 未引用的局部变量
       Link:
         D:\Program Files (x86)\Microsoft Visual Studio 12.0\VC\bin\link.exe /ERRORREPORT:PROMPT /OUT:"F:\DJI\testfile\图像采集测试8.8\Debug\vedio.exe" /INCREMENTAL /NOLOGO opencv_calib3d249d.lib opencv_contrib249d.lib opencv_core249d.lib opencv_features2d249d.lib opencv_flann249d.lib opencv_gpu249d.lib opencv_highgui249d.lib opencv_imgproc249d.lib opencv_legacy249d.lib opencv_ml249d.lib opencv_objdetect249d.lib opencv_ts249d.lib opencv_video249d.lib opencv_calib3d249.lib opencv_contrib249.lib opencv_core249.lib opencv_features2d249.lib opencv_flann249.lib opencv_gpu249.lib opencv_highgui249.lib opencv_imgproc249.lib opencv_legacy249.lib opencv_ml249.lib opencv_nonfree249.lib opencv_objdetect249.lib opencv_photo249.lib opencv_stitching249.lib opencv_ts249.lib opencv_video249.lib opencv_videostab249.lib opencv_nonfree249d.lib opencv_photo249d.lib opencv_stitching249d.lib opencv_videostab249d.lib kernel32.lib user32.lib gdi32.lib winspool.lib comdlg32.lib advapi32.lib shell32.lib ole32.lib oleaut32.lib uuid.lib odbc32.lib odbccp32.lib /MANIFEST /MANIFESTUAC:"level='asInvoker' uiAccess='false'" /manifest:embed /DEBUG /PDB:"F:\DJI\testfile\图像采集测试8.8\Debug\vedio.pdb" /SUBSYSTEM:CONSOLE /TLBID:1 /DYNAMICBASE /NXCOMPAT /IMPLIB:"F:\DJI\testfile\图像采集测试8.8\Debug\vedio.lib" /MACHINE:X86 /SAFESEH Debug\Com.obj
         Debug\stdafx.obj
         Debug\vedio.obj
         DICAMSDK.lib
         vedio.vcxproj -> F:\DJI\testfile\图像采集测试8.8\Debug\vedio.exe
     1>已完成生成项目“F:\DJI\testfile\图像采集测试8.8\vedio\vedio.vcxproj”(Build 个目标)的操作。

生成成功。

已用时间 00:00:02.44
