生成启动时间为 2014/12/24 17:20:16。
     1>项目“D:\DJI\testfile\己方红色，炮台程序\vedio\vedio.vcxproj”在节点 2 上(Build 个目标)。
     1>ClCompile:
         C:\Program Files (x86)\Microsoft Visual Studio 12.0\VC\bin\CL.exe /c /Zi /nologo /W3 /WX- /O2 /Oi /Oy- /GL /D WIN32 /D NDEBUG /D _CONSOLE /Gm- /EHsc /MTd /GS /Gy /fp:precise /Zc:wchar_t /Zc:forScope /Yu"stdafx.h" /Fp"Release\vedio.pch" /Fo"Release\\" /Fd"Release\vc120.pdb" /Gd /TP /analyze- /errorReport:prompt vedio.cpp
         vedio.cpp
     1>c:\program files\opencv\build\include\opencv2\flann\logger.h(66): warning C4996: 'fopen': This function or variable may be unsafe. Consider using fopen_s instead. To disable deprecation, use _CRT_SECURE_NO_WARNINGS. See online help for details.
                 C:\Program Files (x86)\Microsoft Visual Studio 12.0\VC\include\stdio.h(211) : 参见“fopen”的声明
     1>d:\dji\testfile\己方红色，炮台程序\vedio\MyConstant.h(27): warning C4005: “Fx”: 宏重定义
                 d:\dji\testfile\己方红色，炮台程序\vedio\MyHead.h(19) : 参见“Fx”的前一个定义
     1>d:\dji\testfile\己方红色，炮台程序\vedio\MyConstant.h(28): warning C4005: “Fy”: 宏重定义
                 d:\dji\testfile\己方红色，炮台程序\vedio\MyHead.h(20) : 参见“Fy”的前一个定义
     1>d:\dji\testfile\己方红色，炮台程序\vedio\MyConstant.h(29): warning C4005: “Cx”: 宏重定义
                 d:\dji\testfile\己方红色，炮台程序\vedio\MyHead.h(21) : 参见“Cx”的前一个定义
     1>d:\dji\testfile\己方红色，炮台程序\vedio\MyConstant.h(30): warning C4005: “Cy”: 宏重定义
                 d:\dji\testfile\己方红色，炮台程序\vedio\MyHead.h(22) : 参见“Cy”的前一个定义
     1>d:\dji\testfile\己方红色，炮台程序\vedio\MyConstant.h(32): warning C4005: “K1”: 宏重定义
                 d:\dji\testfile\己方红色，炮台程序\vedio\MyHead.h(23) : 参见“K1”的前一个定义
     1>d:\dji\testfile\己方红色，炮台程序\vedio\MyConstant.h(33): warning C4005: “K2”: 宏重定义
                 d:\dji\testfile\己方红色，炮台程序\vedio\MyHead.h(24) : 参见“K2”的前一个定义
     1>d:\dji\testfile\己方红色，炮台程序\vedio\MyConstant.h(34): warning C4005: “P1”: 宏重定义
                 d:\dji\testfile\己方红色，炮台程序\vedio\MyHead.h(25) : 参见“P1”的前一个定义
     1>d:\dji\testfile\己方红色，炮台程序\vedio\MyConstant.h(35): warning C4005: “P2”: 宏重定义
                 d:\dji\testfile\己方红色，炮台程序\vedio\MyHead.h(26) : 参见“P2”的前一个定义
     1>vedio.cpp(89): warning C4244: “=”: 从“int”转换到“float”，可能丢失数据
     1>vedio.cpp(96): warning C4244: “=”: 从“int”转换到“float”，可能丢失数据
     1>vedio.cpp(100): warning C4244: “=”: 从“int”转换到“float”，可能丢失数据
     1>vedio.cpp(101): warning C4244: “=”: 从“int”转换到“float”，可能丢失数据
     1>vedio.cpp(116): warning C4244: “=”: 从“double”转换到“float”，可能丢失数据
     1>vedio.cpp(381): warning C4018: “<=”: 有符号/无符号不匹配
     1>vedio.cpp(566): warning C4018: “<=”: 有符号/无符号不匹配
     1>vedio.cpp(597): warning C4244: “=”: 从“double”转换到“float”，可能丢失数据
     1>vedio.cpp(1331): warning C4244: “+=”: 从“float”转换到“int”，可能丢失数据
     1>vedio.cpp(1333): warning C4244: “+=”: 从“float”转换到“int”，可能丢失数据
     1>vedio.cpp(1335): warning C4244: “+=”: 从“float”转换到“int”，可能丢失数据
     1>vedio.cpp(1337): warning C4244: “+=”: 从“float”转换到“int”，可能丢失数据
     1>vedio.cpp(1551): warning C4244: “=”: 从“double”转换到“float”，可能丢失数据
     1>vedio.cpp(1560): warning C4018: “<”: 有符号/无符号不匹配
     1>vedio.cpp(1569): warning C4018: “<”: 有符号/无符号不匹配
     1>vedio.cpp(1589): warning C4244: “=”: 从“int”转换到“float”，可能丢失数据
     1>vedio.cpp(1606): warning C4244: “=”: 从“float”转换到“short”，可能丢失数据
     1>vedio.cpp(1607): warning C4244: “=”: 从“float”转换到“short”，可能丢失数据
     1>vedio.cpp(1616): warning C4244: “=”: 从“float”转换到“short”，可能丢失数据
     1>vedio.cpp(1617): warning C4244: “=”: 从“float”转换到“short”，可能丢失数据
     1>vedio.cpp(1441): warning C4101: “ImgName”: 未引用的局部变量
     1>vedio.cpp(1450): warning C4101: “nMilSecond”: 未引用的局部变量
     1>vedio.cpp(1442): warning C4101: “tCur”: 未引用的局部变量
       Link:
         C:\Program Files (x86)\Microsoft Visual Studio 12.0\VC\bin\link.exe /ERRORREPORT:PROMPT /OUT:"D:\DJI\testfile\己方红色，炮台程序\Release\vedio.exe" /INCREMENTAL:NO /NOLOGO opencv_calib3d249.lib opencv_contrib249.lib opencv_core249.lib opencv_features2d249.lib opencv_flann249.lib opencv_gpu249.lib opencv_highgui249.lib opencv_imgproc249.lib opencv_legacy249.lib opencv_ml249.lib opencv_objdetect249.lib opencv_ts249.lib opencv_video249.lib kernel32.lib user32.lib gdi32.lib winspool.lib comdlg32.lib advapi32.lib shell32.lib ole32.lib oleaut32.lib uuid.lib odbc32.lib odbccp32.lib /MANIFEST /MANIFESTUAC:"level='asInvoker' uiAccess='false'" /manifest:embed /DEBUG /PDB:"D:\DJI\testfile\己方红色，炮台程序\Release\vedio.pdb" /SUBSYSTEM:CONSOLE /OPT:REF /OPT:ICF /LTCG /TLBID:1 /DYNAMICBASE /NXCOMPAT /IMPLIB:"D:\DJI\testfile\己方红色，炮台程序\Release\vedio.lib" /MACHINE:X86 /SAFESEH Release\Com.obj
         Release\stdafx.obj
         Release\vedio.obj
         DICAMSDK.lib
         正在生成代码
         已完成代码的生成
         vedio.vcxproj -> D:\DJI\testfile\己方红色，炮台程序\Release\vedio.exe
     1>已完成生成项目“D:\DJI\testfile\己方红色，炮台程序\vedio\vedio.vcxproj”(Build 个目标)的操作。

生成成功。

已用时间 00:00:02.08
